<?xml version="1.0" encoding="UTF-8"?>
<!-- Generated by org.testng.reporters.JUnitReportReporter -->
<testsuite hostname="DESKTOP-QL1AS75" name="TestCases.RegressionTestCase" tests="1" failures="0" timestamp="29 Feb 2020 07:34:42 GMT" time="22.580" errors="0">
  <testcase name="tc_01" time="22.580" classname="TestCases.RegressionTestCase"/>
</testsuite> <!-- TestCases.RegressionTestCase -->
