<?xml version="1.0" encoding="UTF-8"?>
<!-- Generated by org.testng.reporters.JUnitReportReporter -->
<testsuite hostname="DESKTOP-QL1AS75" name="Autocomplete.RedBus" tests="1" failures="0" timestamp="3 Mar 2020 13:32:11 GMT" time="9.713" errors="0">
  <testcase name="openUrl" time="9.713" classname="Autocomplete.RedBus"/>
</testsuite> <!-- Autocomplete.RedBus -->
