<?xml version="1.0" encoding="UTF-8"?>
<!-- Generated by org.testng.reporters.JUnitReportReporter -->
<testsuite hostname="DESKTOP-QL1AS75" name="Autocomplete.AutocompleteExample" tests="1" failures="0" timestamp="3 Mar 2020 13:10:16 GMT" time="9.357" errors="0">
  <testcase name="rightClickTest" time="9.357" classname="Autocomplete.AutocompleteExample"/>
</testsuite> <!-- Autocomplete.AutocompleteExample -->
